<?xml version="1.0" encoding="UTF-8"?>
<!-- Generated by org.testng.reporters.JUnitReportReporter -->
<testsuite skipped="0" hostname="Matts-MacBook-Pro.local" name="Applitools.Tutorials.TestNGTutorial.AppTest" tests="1" failures="0" timestamp="17 May 2019 22:27:37 GMT" time="0.001" errors="0">
  <testcase name="testApp" time="0.001" classname="Applitools.Tutorials.TestNGTutorial.AppTest"/>
</testsuite> <!-- Applitools.Tutorials.TestNGTutorial.AppTest -->
