<?xml version="1.0" encoding="UTF-8"?>
<!-- Generated by org.testng.reporters.JUnitReportReporter -->
<testsuite skipped="0" hostname="Matts-MacBook-Pro.local" name="Applitools.Tutorials.TestNGTutorial.TestNGSimpleTest" tests="1" failures="0" timestamp="17 May 2019 22:52:59 GMT" time="0.008" errors="0">
  <testcase name="testAdd" time="0.008" classname="Applitools.Tutorials.TestNGTutorial.TestNGSimpleTest"/>
</testsuite> <!-- Applitools.Tutorials.TestNGTutorial.TestNGSimpleTest -->
