<?xml version="1.0" encoding="UTF-8"?>
<!-- Generated by org.testng.reporters.JUnitReportReporter -->
<testsuite skipped="0" hostname="Matts-MacBook-Pro.local" name="Applitools.Tutorials.TestNGTutorial.TestNGSimpleTestTest" tests="1" failures="0" timestamp="20 May 2019 16:11:35 GMT" time="0.004" errors="0">
  <testcase name="f" time="0.004" classname="Applitools.Tutorials.TestNGTutorial.TestNGSimpleTestTest"/>
</testsuite> <!-- Applitools.Tutorials.TestNGTutorial.TestNGSimpleTestTest -->
