<?xml version="1.0" encoding="UTF-8"?>
<!-- Generated by org.testng.reporters.JUnitReportReporter -->
<testsuite skipped="0" hostname="Matts-MacBook-Pro.local" name="Applitools.Tutorials.TestNGTutorial.TestngAnnotation" tests="2" failures="0" timestamp="20 May 2019 16:11:30 GMT" time="0.002" errors="0">
  <testcase name="testCase2" time="0.001" classname="Applitools.Tutorials.TestNGTutorial.TestngAnnotation"/>
  <testcase name="testCase1" time="0.001" classname="Applitools.Tutorials.TestNGTutorial.TestngAnnotation"/>
</testsuite> <!-- Applitools.Tutorials.TestNGTutorial.TestngAnnotation -->
