<?xml version="1.0" encoding="UTF-8"?>
<!-- Generated by org.testng.reporters.JUnitReportReporter -->
<testsuite skipped="0" hostname="Matts-MacBook-Pro.local" name="Applitools.Tutorials.TestNGTutorial.GroupTest.GroupTestExample" tests="3" failures="0" timestamp="20 May 2019 16:59:23 GMT" time="0.007" errors="0">
  <testcase name="testPrintMessage" time="0.005" classname="Applitools.Tutorials.TestNGTutorial.GroupTest.GroupTestExample"/>
  <testcase name="testingExitMessage" time="0.001" classname="Applitools.Tutorials.TestNGTutorial.GroupTest.GroupTestExample"/>
  <testcase name="testSalutationMessage" time="0.001" classname="Applitools.Tutorials.TestNGTutorial.GroupTest.GroupTestExample"/>
</testsuite> <!-- Applitools.Tutorials.TestNGTutorial.GroupTest.GroupTestExample -->
